<?xml version="1.0" encoding="UTF-8"?>
<testng-results skipped="0" failed="0" ignored="0" total="1" passed="1">
  <reporter-output>
  </reporter-output>
  <suite name="Default suite" duration-ms="48242" started-at="2020-12-11T12:40:46Z" finished-at="2020-12-11T12:41:35Z">
    <groups>
    </groups>
    <test name="Default test" duration-ms="48242" started-at="2020-12-11T12:40:46Z" finished-at="2020-12-11T12:41:35Z">
      <class name="Tester.EbayTester">
        <test-method status="PASS" signature="reportStatus()[pri:0, instance:Tester.EbayTester@c358e99e]" name="reportStatus" is-config="true" duration-ms="245" started-at="2020-12-11T12:40:46Z" finished-at="2020-12-11T12:40:46Z">
          <reporter-output>
          </reporter-output>
        </test-method> <!-- reportStatus -->
        <test-method status="PASS" signature="before()[pri:0, instance:Tester.EbayTester@c358e99e]" name="before" is-config="true" duration-ms="19336" started-at="2020-12-11T12:40:46Z" finished-at="2020-12-11T12:41:06Z">
          <reporter-output>
          </reporter-output>
        </test-method> <!-- before -->
        <test-method status="PASS" signature="Tester()[pri:0, instance:Tester.EbayTester@c358e99e]" name="Tester" duration-ms="28741" started-at="2020-12-11T12:41:06Z" finished-at="2020-12-11T12:41:35Z">
          <reporter-output>
          </reporter-output>
        </test-method> <!-- Tester -->
        <test-method status="PASS" signature="reportTearDown()[pri:0, instance:Tester.EbayTester@c358e99e]" name="reportTearDown" is-config="true" duration-ms="1801" started-at="2020-12-11T12:41:35Z" finished-at="2020-12-11T12:41:36Z">
          <reporter-output>
          </reporter-output>
        </test-method> <!-- reportTearDown -->
      </class> <!-- Tester.EbayTester -->
    </test> <!-- Default test -->
  </suite> <!-- Default suite -->
</testng-results>
